Flow report for Receiver
Mon May 27 21:33:09 2019
Quartus II 64-Bit Version 13.0.1 Build 232 06/12/2013 Service Pack 1 SJ Full Version


---------------------
; Table of Contents ;
---------------------
  1. Legal Notice
  2. Flow Summary
  3. Flow Settings
  4. Flow Non-Default Global Settings
  5. Flow Elapsed Time
  6. Flow OS Summary
  7. Flow Log
  8. Flow Messages
  9. Flow Suppressed Messages



----------------
; Legal Notice ;
----------------
Copyright (C) 1991-2013 Altera Corporation
Your use of Altera Corporation's design tools, logic functions 
and other software and tools, and its AMPP partner logic 
functions, and any output files from any of the foregoing 
(including device programming or simulation files), and any 
associated documentation or information are expressly subject 
to the terms and conditions of the Altera Program License 
Subscription Agreement, Altera MegaCore Function License 
Agreement, or other applicable license agreement, including, 
without limitation, that your use is for the sole purpose of 
programming logic devices manufactured by Altera and sold by 
Altera or its authorized distributors.  Please refer to the 
applicable agreement for further details.



+----------------------------------------------------------------------------------+
; Flow Summary                                                                     ;
+-------------------------------+--------------------------------------------------+
; Flow Status                   ; Successful - Mon May 27 21:33:09 2019            ;
; Quartus II 64-Bit Version     ; 13.0.1 Build 232 06/12/2013 SP 1 SJ Full Version ;
; Revision Name                 ; Receiver                                         ;
; Top-level Entity Name         ; Receiver                                         ;
; Family                        ; Stratix III                                      ;
; Device                        ; EP3SE110F1152I4                                  ;
; Timing Models                 ; Final                                            ;
; Logic utilization             ; 1 %                                              ;
;     Combinational ALUTs       ; 337 / 85,200 ( < 1 % )                           ;
;     Memory ALUTs              ; 0 / 42,600 ( 0 % )                               ;
;     Dedicated logic registers ; 939 / 85,200 ( 1 % )                             ;
; Total registers               ; 939                                              ;
; Total pins                    ; 35 / 744 ( 5 % )                                 ;
; Total virtual pins            ; 0                                                ;
; Total block memory bits       ; 143,360 / 8,248,320 ( 2 % )                      ;
; DSP block 18-bit elements     ; 0 / 896 ( 0 % )                                  ;
; Total PLLs                    ; 1 / 8 ( 13 % )                                   ;
; Total DLLs                    ; 0 / 4 ( 0 % )                                    ;
+-------------------------------+--------------------------------------------------+


+-----------------------------------------+
; Flow Settings                           ;
+-------------------+---------------------+
; Option            ; Setting             ;
+-------------------+---------------------+
; Start date & time ; 05/27/2019 21:31:39 ;
; Main task         ; Compilation         ;
; Revision Name     ; Receiver            ;
+-------------------+---------------------+


+-------------------------------------------------------------------------------------------------------------------------------------------------------------------------------------------------------------------------------------------------------------------------------+
; Flow Non-Default Global Settings                                                                                                                                                                                                                                              ;
+-------------------------------------+----------------------------------------------------------------------------------------------------------------------------------------------------------------------------------------+---------------+-------------+------------------+
; Assignment Name                     ; Value                                                                                                                                                                                  ; Default Value ; Entity Name ; Section Id       ;
+-------------------------------------+----------------------------------------------------------------------------------------------------------------------------------------------------------------------------------------+---------------+-------------+------------------+
; COMPILER_SIGNATURE_ID               ; 66619474652973.155896389922432                                                                                                                                                         ; --            ; --          ; --               ;
; EDA_OUTPUT_DATA_FORMAT              ; Verilog Hdl                                                                                                                                                                            ; --            ; --          ; eda_simulation   ;
; EDA_SIMULATION_TOOL                 ; ModelSim (Verilog)                                                                                                                                                                     ; <None>        ; --          ; --               ;
; EDA_TIME_SCALE                      ; 1 ps                                                                                                                                                                                   ; --            ; --          ; eda_simulation   ;
; ENABLE_SIGNALTAP                    ; On                                                                                                                                                                                     ; --            ; --          ; --               ;
; IP_TOOL_NAME                        ; ALTPLL                                                                                                                                                                                 ; --            ; --          ; --               ;
; IP_TOOL_NAME                        ; ROM: 1-PORT                                                                                                                                                                            ; --            ; --          ; --               ;
; IP_TOOL_NAME                        ; FIR Compiler                                                                                                                                                                           ; --            ; --          ; --               ;
; IP_TOOL_VERSION                     ; 13.0                                                                                                                                                                                   ; --            ; --          ; --               ;
; IP_TOOL_VERSION                     ; 13.0                                                                                                                                                                                   ; --            ; --          ; --               ;
; IP_TOOL_VERSION                     ; 13.0                                                                                                                                                                                   ; --            ; --          ; --               ;
; MAX_CORE_JUNCTION_TEMP              ; 100                                                                                                                                                                                    ; --            ; --          ; --               ;
; MIN_CORE_JUNCTION_TEMP              ; -40                                                                                                                                                                                    ; --            ; --          ; --               ;
; MISC_FILE                           ; Clock_management_bb.v                                                                                                                                                                  ; --            ; --          ; --               ;
; MISC_FILE                           ; Clock_management.ppf                                                                                                                                                                   ; --            ; --          ; --               ;
; MISC_FILE                           ; Clock_management_syn.v                                                                                                                                                                 ; --            ; --          ; --               ;
; MISC_FILE                           ; IF_LFM_bb.v                                                                                                                                                                            ; --            ; --          ; --               ;
; MISC_FILE                           ; fir_data/fir_compiler-library/accum.v                                                                                                                                                  ; --            ; --          ; --               ;
; MISC_FILE                           ; fir_data/fir_compiler-library/addr_cnt_dn.v                                                                                                                                            ; --            ; --          ; --               ;
; MISC_FILE                           ; fir_data/fir_compiler-library/addr_cnt_dn_poly.v                                                                                                                                       ; --            ; --          ; --               ;
; MISC_FILE                           ; fir_data/fir_compiler-library/addr_cnt_up.v                                                                                                                                            ; --            ; --          ; --               ;
; MISC_FILE                           ; fir_data/fir_compiler-library/at_sink_mod.v                                                                                                                                            ; --            ; --          ; --               ;
; MISC_FILE                           ; fir_data/fir_compiler-library/at_sink_mod_bin.v                                                                                                                                        ; --            ; --          ; --               ;
; MISC_FILE                           ; fir_data/fir_compiler-library/at_sink_mod_par.v                                                                                                                                        ; --            ; --          ; --               ;
; MISC_FILE                           ; fir_data/fir_compiler-library/at_src_mod.v                                                                                                                                             ; --            ; --          ; --               ;
; MISC_FILE                           ; fir_data/fir_compiler-library/at_src_mod_par.v                                                                                                                                         ; --            ; --          ; --               ;
; MISC_FILE                           ; fir_data/fir_compiler-library/auk_dspip_avalon_streaming_block_sink_fftfprvs_fir_130.vhd                                                                                               ; --            ; --          ; --               ;
; MISC_FILE                           ; fir_data/fir_compiler-library/auk_dspip_avalon_streaming_block_sink_fir_130.vhd                                                                                                        ; --            ; --          ; --               ;
; MISC_FILE                           ; fir_data/fir_compiler-library/auk_dspip_avalon_streaming_block_source_fir_130.vhd                                                                                                      ; --            ; --          ; --               ;
; MISC_FILE                           ; fir_data/fir_compiler-library/auk_dspip_avalon_streaming_controller_fir_130.vhd                                                                                                        ; --            ; --          ; --               ;
; MISC_FILE                           ; fir_data/fir_compiler-library/auk_dspip_avalon_streaming_controller_pe_fir_130.vhd                                                                                                     ; --            ; --          ; --               ;
; MISC_FILE                           ; fir_data/fir_compiler-library/auk_dspip_avalon_streaming_monitor_fir_130.vhd                                                                                                           ; --            ; --          ; --               ;
; MISC_FILE                           ; fir_data/fir_compiler-library/auk_dspip_avalon_streaming_sink_fir_130.vhd                                                                                                              ; --            ; --          ; --               ;
; MISC_FILE                           ; fir_data/fir_compiler-library/auk_dspip_avalon_streaming_sink_model_fir_130.vhd                                                                                                        ; --            ; --          ; --               ;
; MISC_FILE                           ; fir_data/fir_compiler-library/auk_dspip_avalon_streaming_source_fir_130.vhd                                                                                                            ; --            ; --          ; --               ;
; MISC_FILE                           ; fir_data/fir_compiler-library/auk_dspip_avalon_streaming_source_from_monitor_fir_130.vhd                                                                                               ; --            ; --          ; --               ;
; MISC_FILE                           ; fir_data/fir_compiler-library/auk_dspip_avalon_streaming_source_model_fir_130.vhd                                                                                                      ; --            ; --          ; --               ;
; MISC_FILE                           ; fir_data/fir_compiler-library/auk_dspip_delay_fir_130.vhd                                                                                                                              ; --            ; --          ; --               ;
; MISC_FILE                           ; fir_data/fir_compiler-library/auk_dspip_fastaddsub_fir_130.vhd                                                                                                                         ; --            ; --          ; --               ;
; MISC_FILE                           ; fir_data/fir_compiler-library/auk_dspip_fastadd_fir_130.vhd                                                                                                                            ; --            ; --          ; --               ;
; MISC_FILE                           ; fir_data/fir_compiler-library/auk_dspip_fast_accumulator_fir_130.vhd                                                                                                                   ; --            ; --          ; --               ;
; MISC_FILE                           ; fir_data/fir_compiler-library/auk_dspip_fifo_pfc_fir_130.vhd                                                                                                                           ; --            ; --          ; --               ;
; MISC_FILE                           ; fir_data/fir_compiler-library/auk_dspip_fir_accumulator_fir_130.vhd                                                                                                                    ; --            ; --          ; --               ;
; MISC_FILE                           ; fir_data/fir_compiler-library/auk_dspip_fir_adders_fir_130.vhd                                                                                                                         ; --            ; --          ; --               ;
; MISC_FILE                           ; fir_data/fir_compiler-library/auk_dspip_fir_adder_tree_fir_130.vhd                                                                                                                     ; --            ; --          ; --               ;
; MISC_FILE                           ; fir_data/fir_compiler-library/auk_dspip_fir_avalon_slave_write_fir_130.vhd                                                                                                             ; --            ; --          ; --               ;
; MISC_FILE                           ; fir_data/fir_compiler-library/auk_dspip_fir_coef_banks_fixed_fir_130.vhd                                                                                                               ; --            ; --          ; --               ;
; MISC_FILE                           ; fir_data/fir_compiler-library/auk_dspip_fir_data_memory_bank_fir_130.vhd                                                                                                               ; --            ; --          ; --               ;
; MISC_FILE                           ; fir_data/fir_compiler-library/auk_dspip_fir_dspblock_bank_fir_130.vhd                                                                                                                  ; --            ; --          ; --               ;
; MISC_FILE                           ; fir_data/fir_compiler-library/auk_dspip_fir_dspblock_cascade_bank_fir_130.vhd                                                                                                          ; --            ; --          ; --               ;
; MISC_FILE                           ; fir_data/fir_compiler-library/auk_dspip_fir_lib_pkg_fir_130.vhd                                                                                                                        ; --            ; --          ; --               ;
; MISC_FILE                           ; fir_data/fir_compiler-library/auk_dspip_fir_math_pkg_fir_130.vhd                                                                                                                       ; --            ; --          ; --               ;
; MISC_FILE                           ; fir_data/fir_compiler-library/auk_dspip_fir_memory_simple_dual_fir_130.vhd                                                                                                             ; --            ; --          ; --               ;
; MISC_FILE                           ; fir_data/fir_compiler-library/auk_dspip_fir_memory_single_fir_130.vhd                                                                                                                  ; --            ; --          ; --               ;
; MISC_FILE                           ; fir_data/fir_compiler-library/auk_dspip_fir_memory_true_dual_fir_130.vhd                                                                                                               ; --            ; --          ; --               ;
; MISC_FILE                           ; fir_data/fir_compiler-library/auk_dspip_fir_mult_bank_fir_130.vhd                                                                                                                      ; --            ; --          ; --               ;
; MISC_FILE                           ; fir_data/fir_compiler-library/auk_dspip_fir_top_dec_half_sym_fir_130.vhd                                                                                                               ; --            ; --          ; --               ;
; MISC_FILE                           ; fir_data/fir_compiler-library/auk_dspip_fir_top_dec_sym_add_cas_fir_130.vhd                                                                                                            ; --            ; --          ; --               ;
; MISC_FILE                           ; fir_data/fir_compiler-library/auk_dspip_fir_top_int_sym_fir_130.vhd                                                                                                                    ; --            ; --          ; --               ;
; MISC_FILE                           ; fir_data/fir_compiler-library/auk_dspip_fir_top_sin_sym_fir_130.vhd                                                                                                                    ; --            ; --          ; --               ;
; MISC_FILE                           ; fir_data/fir_compiler-library/auk_dspip_lib_pkg_fir_130.vhd                                                                                                                            ; --            ; --          ; --               ;
; MISC_FILE                           ; fir_data/fir_compiler-library/auk_dspip_math_pkg_fir_130.vhd                                                                                                                           ; --            ; --          ; --               ;
; MISC_FILE                           ; fir_data/fir_compiler-library/auk_dspip_pfc_fir_130.vhd                                                                                                                                ; --            ; --          ; --               ;
; MISC_FILE                           ; fir_data/fir_compiler-library/auk_dspip_pipelined_adder_fir_130.vhd                                                                                                                    ; --            ; --          ; --               ;
; MISC_FILE                           ; fir_data/fir_compiler-library/auk_dspip_roundsat_fir_130.vhd                                                                                                                           ; --            ; --          ; --               ;
; MISC_FILE                           ; fir_data/fir_compiler-library/auk_dspip_text_pkg_fir_130.vhd                                                                                                                           ; --            ; --          ; --               ;
; MISC_FILE                           ; fir_data/fir_compiler-library/coef_in_conv.v                                                                                                                                           ; --            ; --          ; --               ;
; MISC_FILE                           ; fir_data/fir_compiler-library/data_cnt_dn_stat.v                                                                                                                                       ; --            ; --          ; --               ;
; MISC_FILE                           ; fir_data/fir_compiler-library/data_cnt_up.v                                                                                                                                            ; --            ; --          ; --               ;
; MISC_FILE                           ; fir_data/fir_compiler-library/data_sel_dec.v                                                                                                                                           ; --            ; --          ; --               ;
; MISC_FILE                           ; fir_data/fir_compiler-library/dat_mm_brg.v                                                                                                                                             ; --            ; --          ; --               ;
; MISC_FILE                           ; fir_data/fir_compiler-library/dat_store.v                                                                                                                                              ; --            ; --          ; --               ;
; MISC_FILE                           ; fir_data/fir_compiler-library/dat_store_c.v                                                                                                                                            ; --            ; --          ; --               ;
; MISC_FILE                           ; fir_data/fir_compiler-library/decoder_we.v                                                                                                                                             ; --            ; --          ; --               ;
; MISC_FILE                           ; fir_data/fir_compiler-library/decoder_we_cen.v                                                                                                                                         ; --            ; --          ; --               ;
; MISC_FILE                           ; fir_data/fir_compiler-library/delay.v                                                                                                                                                  ; --            ; --          ; --               ;
; MISC_FILE                           ; fir_data/fir_compiler-library/delay_cen.v                                                                                                                                              ; --            ; --          ; --               ;
; MISC_FILE                           ; fir_data/fir_compiler-library/delay_mul.v                                                                                                                                              ; --            ; --          ; --               ;
; MISC_FILE                           ; fir_data/fir_compiler-library/delay_mul_cen.v                                                                                                                                          ; --            ; --          ; --               ;
; MISC_FILE                           ; fir_data/fir_compiler-library/delay_mux.v                                                                                                                                              ; --            ; --          ; --               ;
; MISC_FILE                           ; fir_data/fir_compiler-library/delay_mux_mch_odd.v                                                                                                                                      ; --            ; --          ; --               ;
; MISC_FILE                           ; fir_data/fir_compiler-library/delay_mux_mch_odd_mcv.v                                                                                                                                  ; --            ; --          ; --               ;
; MISC_FILE                           ; fir_data/fir_compiler-library/delay_trig.v                                                                                                                                             ; --            ; --          ; --               ;
; MISC_FILE                           ; fir_data/fir_compiler-library/delay_trig_cen.v                                                                                                                                         ; --            ; --          ; --               ;
; MISC_FILE                           ; fir_data/fir_compiler-library/eab_tdl_hc.v                                                                                                                                             ; --            ; --          ; --               ;
; MISC_FILE                           ; fir_data/fir_compiler-library/eab_tdl_strat.v                                                                                                                                          ; --            ; --          ; --               ;
; MISC_FILE                           ; fir_data/fir_compiler-library/eab_tdl_strat_mram.v                                                                                                                                     ; --            ; --          ; --               ;
; MISC_FILE                           ; fir_data/fir_compiler-library/fir_definitions_pkg_fir_130.vhd                                                                                                                          ; --            ; --          ; --               ;
; MISC_FILE                           ; fir_data/fir_compiler-library/lc_store.v                                                                                                                                               ; --            ; --          ; --               ;
; MISC_FILE                           ; fir_data/fir_compiler-library/lc_store_cen.v                                                                                                                                           ; --            ; --          ; --               ;
; MISC_FILE                           ; fir_data/fir_compiler-library/lc_tdl_strat.v                                                                                                                                           ; --            ; --          ; --               ;
; MISC_FILE                           ; fir_data/fir_compiler-library/lc_tdl_strat_cen.v                                                                                                                                       ; --            ; --          ; --               ;
; MISC_FILE                           ; fir_data/fir_compiler-library/maccum.v                                                                                                                                                 ; --            ; --          ; --               ;
; MISC_FILE                           ; fir_data/fir_compiler-library/maccum_cen.v                                                                                                                                             ; --            ; --          ; --               ;
; MISC_FILE                           ; fir_data/fir_compiler-library/mac_tl.v                                                                                                                                                 ; --            ; --          ; --               ;
; MISC_FILE                           ; fir_data/fir_compiler-library/mcv_ctrl_deci.v                                                                                                                                          ; --            ; --          ; --               ;
; MISC_FILE                           ; fir_data/fir_compiler-library/mcv_ctrl_nc.v                                                                                                                                            ; --            ; --          ; --               ;
; MISC_FILE                           ; fir_data/fir_compiler-library/mlu.v                                                                                                                                                    ; --            ; --          ; --               ;
; MISC_FILE                           ; fir_data/fir_compiler-library/mlu_dly1.v                                                                                                                                               ; --            ; --          ; --               ;
; MISC_FILE                           ; fir_data/fir_compiler-library/mlu_dly2.v                                                                                                                                               ; --            ; --          ; --               ;
; MISC_FILE                           ; fir_data/fir_compiler-library/mlu_inf_1reg.v                                                                                                                                           ; --            ; --          ; --               ;
; MISC_FILE                           ; fir_data/fir_compiler-library/mlu_inf_1reg_cen.v                                                                                                                                       ; --            ; --          ; --               ;
; MISC_FILE                           ; fir_data/fir_compiler-library/mlu_inf_2reg.v                                                                                                                                           ; --            ; --          ; --               ;
; MISC_FILE                           ; fir_data/fir_compiler-library/mlu_inf_2reg_cen.v                                                                                                                                       ; --            ; --          ; --               ;
; MISC_FILE                           ; fir_data/fir_compiler-library/mlu_nd.v                                                                                                                                                 ; --            ; --          ; --               ;
; MISC_FILE                           ; fir_data/fir_compiler-library/mlu_nd_cen.v                                                                                                                                             ; --            ; --          ; --               ;
; MISC_FILE                           ; fir_data/fir_compiler-library/mlu_nd_lc.v                                                                                                                                              ; --            ; --          ; --               ;
; MISC_FILE                           ; fir_data/fir_compiler-library/mr_accum_wr.v                                                                                                                                            ; --            ; --          ; --               ;
; MISC_FILE                           ; fir_data/fir_compiler-library/mr_acc_ctrl_cen_wr.v                                                                                                                                     ; --            ; --          ; --               ;
; MISC_FILE                           ; fir_data/fir_compiler-library/mr_acc_ctrl_wr.v                                                                                                                                         ; --            ; --          ; --               ;
; MISC_FILE                           ; fir_data/fir_compiler-library/mr_decoder_we_wr.v                                                                                                                                       ; --            ; --          ; --               ;
; MISC_FILE                           ; fir_data/fir_compiler-library/mr_del_coef_set.v                                                                                                                                        ; --            ; --          ; --               ;
; MISC_FILE                           ; fir_data/fir_compiler-library/mr_dnc_wr.v                                                                                                                                              ; --            ; --          ; --               ;
; MISC_FILE                           ; fir_data/fir_compiler-library/mr_lcdelay_wr.v                                                                                                                                          ; --            ; --          ; --               ;
; MISC_FILE                           ; fir_data/fir_compiler-library/mr_lcstore_wr.v                                                                                                                                          ; --            ; --          ; --               ;
; MISC_FILE                           ; fir_data/fir_compiler-library/mr_lrdy_wr.v                                                                                                                                             ; --            ; --          ; --               ;
; MISC_FILE                           ; fir_data/fir_compiler-library/mr_mux_2to1_cen_wr.v                                                                                                                                     ; --            ; --          ; --               ;
; MISC_FILE                           ; fir_data/fir_compiler-library/mr_mux_2to1_wr.v                                                                                                                                         ; --            ; --          ; --               ;
; MISC_FILE                           ; fir_data/fir_compiler-library/mr_ser_shift_wr.v                                                                                                                                        ; --            ; --          ; --               ;
; MISC_FILE                           ; fir_data/fir_compiler-library/mr_upc_reload_wr.v                                                                                                                                       ; --            ; --          ; --               ;
; MISC_FILE                           ; fir_data/fir_compiler-library/mr_upc_wr.v                                                                                                                                              ; --            ; --          ; --               ;
; MISC_FILE                           ; fir_data/fir_compiler-library/msft.v                                                                                                                                                   ; --            ; --          ; --               ;
; MISC_FILE                           ; fir_data/fir_compiler-library/msft_data.v                                                                                                                                              ; --            ; --          ; --               ;
; MISC_FILE                           ; fir_data/fir_compiler-library/msft_data_reseq.v                                                                                                                                        ; --            ; --          ; --               ;
; MISC_FILE                           ; fir_data/fir_compiler-library/msft_data_reseq_mc.v                                                                                                                                     ; --            ; --          ; --               ;
; MISC_FILE                           ; fir_data/fir_compiler-library/msft_lt_128.v                                                                                                                                            ; --            ; --          ; --               ;
; MISC_FILE                           ; fir_data/fir_compiler-library/msft_lt_32.v                                                                                                                                             ; --            ; --          ; --               ;
; MISC_FILE                           ; fir_data/fir_compiler-library/msft_mcv.v                                                                                                                                               ; --            ; --          ; --               ;
; MISC_FILE                           ; fir_data/fir_compiler-library/msft_mem.v                                                                                                                                               ; --            ; --          ; --               ;
; MISC_FILE                           ; fir_data/fir_compiler-library/msft_mem_coef.v                                                                                                                                          ; --            ; --          ; --               ;
; MISC_FILE                           ; fir_data/fir_compiler-library/msft_mem_hc.v                                                                                                                                            ; --            ; --          ; --               ;
; MISC_FILE                           ; fir_data/fir_compiler-library/msft_mem_mcoef.v                                                                                                                                         ; --            ; --          ; --               ;
; MISC_FILE                           ; fir_data/fir_compiler-library/msft_mem_reseq.v                                                                                                                                         ; --            ; --          ; --               ;
; MISC_FILE                           ; fir_data/fir_compiler-library/msft_mem_reseq_hc.v                                                                                                                                      ; --            ; --          ; --               ;
; MISC_FILE                           ; fir_data/fir_compiler-library/msft_mem_reseq_mcycle.v                                                                                                                                  ; --            ; --          ; --               ;
; MISC_FILE                           ; fir_data/fir_compiler-library/msft_reseq_mc.v                                                                                                                                          ; --            ; --          ; --               ;
; MISC_FILE                           ; fir_data/fir_compiler-library/msft_scv.v                                                                                                                                               ; --            ; --          ; --               ;
; MISC_FILE                           ; fir_data/fir_compiler-library/mul_add.v                                                                                                                                                ; --            ; --          ; --               ;
; MISC_FILE                           ; fir_data/fir_compiler-library/mux_16.v                                                                                                                                                 ; --            ; --          ; --               ;
; MISC_FILE                           ; fir_data/fir_compiler-library/mux_16_cen.v                                                                                                                                             ; --            ; --          ; --               ;
; MISC_FILE                           ; fir_data/fir_compiler-library/mux_2to1.v                                                                                                                                               ; --            ; --          ; --               ;
; MISC_FILE                           ; fir_data/fir_compiler-library/mux_2to1_cen.v                                                                                                                                           ; --            ; --          ; --               ;
; MISC_FILE                           ; fir_data/fir_compiler-library/mux_2to1_comb.v                                                                                                                                          ; --            ; --          ; --               ;
; MISC_FILE                           ; fir_data/fir_compiler-library/mux_nc.v                                                                                                                                                 ; --            ; --          ; --               ;
; MISC_FILE                           ; fir_data/fir_compiler-library/para_tdl.v                                                                                                                                               ; --            ; --          ; --               ;
; MISC_FILE                           ; fir_data/fir_compiler-library/par_ctrl.v                                                                                                                                               ; --            ; --          ; --               ;
; MISC_FILE                           ; fir_data/fir_compiler-library/par_ld_ser_tdl_nc.v                                                                                                                                      ; --            ; --          ; --               ;
; MISC_FILE                           ; fir_data/fir_compiler-library/par_ld_ser_tdl_wr.v                                                                                                                                      ; --            ; --          ; --               ;
; MISC_FILE                           ; fir_data/fir_compiler-library/pll_fir.v                                                                                                                                                ; --            ; --          ; --               ;
; MISC_FILE                           ; fir_data/fir_compiler-library/poly_mac_ctrl_dec.v                                                                                                                                      ; --            ; --          ; --               ;
; MISC_FILE                           ; fir_data/fir_compiler-library/poly_mac_ctrl_int.v                                                                                                                                      ; --            ; --          ; --               ;
; MISC_FILE                           ; fir_data/fir_compiler-library/ram_2pt_mram_cen.v                                                                                                                                       ; --            ; --          ; --               ;
; MISC_FILE                           ; fir_data/fir_compiler-library/ram_2pt_var.v                                                                                                                                            ; --            ; --          ; --               ;
; MISC_FILE                           ; fir_data/fir_compiler-library/ram_2pt_var_cen.v                                                                                                                                        ; --            ; --          ; --               ;
; MISC_FILE                           ; fir_data/fir_compiler-library/ram_2pt_var_cen_hc.v                                                                                                                                     ; --            ; --          ; --               ;
; MISC_FILE                           ; fir_data/fir_compiler-library/ram_inf.v                                                                                                                                                ; --            ; --          ; --               ;
; MISC_FILE                           ; fir_data/fir_compiler-library/ram_lut.v                                                                                                                                                ; --            ; --          ; --               ;
; MISC_FILE                           ; fir_data/fir_compiler-library/ram_lut_cen.v                                                                                                                                            ; --            ; --          ; --               ;
; MISC_FILE                           ; fir_data/fir_compiler-library/rnd_dat.v                                                                                                                                                ; --            ; --          ; --               ;
; MISC_FILE                           ; fir_data/fir_compiler-library/rom_6_lut.v                                                                                                                                              ; --            ; --          ; --               ;
; MISC_FILE                           ; fir_data/fir_compiler-library/rom_6_lut_r.v                                                                                                                                            ; --            ; --          ; --               ;
; MISC_FILE                           ; fir_data/fir_compiler-library/rom_lut.v                                                                                                                                                ; --            ; --          ; --               ;
; MISC_FILE                           ; fir_data/fir_compiler-library/rom_lut_cen.v                                                                                                                                            ; --            ; --          ; --               ;
; MISC_FILE                           ; fir_data/fir_compiler-library/rom_lut_r.v                                                                                                                                              ; --            ; --          ; --               ;
; MISC_FILE                           ; fir_data/fir_compiler-library/rom_lut_r_cen.v                                                                                                                                          ; --            ; --          ; --               ;
; MISC_FILE                           ; fir_data/fir_compiler-library/rom_mset_lut.v                                                                                                                                           ; --            ; --          ; --               ;
; MISC_FILE                           ; fir_data/fir_compiler-library/rom_mset_lut_r.v                                                                                                                                         ; --            ; --          ; --               ;
; MISC_FILE                           ; fir_data/fir_compiler-library/rom_mset_lut_r_cen.v                                                                                                                                     ; --            ; --          ; --               ;
; MISC_FILE                           ; fir_data/fir_compiler-library/rom_mset_lut_r_cen_wr.v                                                                                                                                  ; --            ; --          ; --               ;
; MISC_FILE                           ; fir_data/fir_compiler-library/rom_mset_lut_r_wr.v                                                                                                                                      ; --            ; --          ; --               ;
; MISC_FILE                           ; fir_data/fir_compiler-library/sadd.v                                                                                                                                                   ; --            ; --          ; --               ;
; MISC_FILE                           ; fir_data/fir_compiler-library/sadd_c.v                                                                                                                                                 ; --            ; --          ; --               ;
; MISC_FILE                           ; fir_data/fir_compiler-library/sadd_cen.v                                                                                                                                               ; --            ; --          ; --               ;
; MISC_FILE                           ; fir_data/fir_compiler-library/sadd_c_cen.v                                                                                                                                             ; --            ; --          ; --               ;
; MISC_FILE                           ; fir_data/fir_compiler-library/sadd_load.v                                                                                                                                              ; --            ; --          ; --               ;
; MISC_FILE                           ; fir_data/fir_compiler-library/sadd_lpm.v                                                                                                                                               ; --            ; --          ; --               ;
; MISC_FILE                           ; fir_data/fir_compiler-library/sadd_lpm_cen.v                                                                                                                                           ; --            ; --          ; --               ;
; MISC_FILE                           ; fir_data/fir_compiler-library/sadd_lpm_reg_top_cen.v                                                                                                                                   ; --            ; --          ; --               ;
; MISC_FILE                           ; fir_data/fir_compiler-library/sadd_reg_top.v                                                                                                                                           ; --            ; --          ; --               ;
; MISC_FILE                           ; fir_data/fir_compiler-library/sadd_reg_top_cen.v                                                                                                                                       ; --            ; --          ; --               ;
; MISC_FILE                           ; fir_data/fir_compiler-library/sadd_sub.v                                                                                                                                               ; --            ; --          ; --               ;
; MISC_FILE                           ; fir_data/fir_compiler-library/sat_dat.v                                                                                                                                                ; --            ; --          ; --               ;
; MISC_FILE                           ; fir_data/fir_compiler-library/scale_accum.v                                                                                                                                            ; --            ; --          ; --               ;
; MISC_FILE                           ; fir_data/fir_compiler-library/scale_accum_cen.v                                                                                                                                        ; --            ; --          ; --               ;
; MISC_FILE                           ; fir_data/fir_compiler-library/scale_shft_comb.v                                                                                                                                        ; --            ; --          ; --               ;
; MISC_FILE                           ; fir_data/fir_compiler-library/scale_shft_comb_cen.v                                                                                                                                    ; --            ; --          ; --               ;
; MISC_FILE                           ; fir_data/fir_compiler-library/scv_ctrl.v                                                                                                                                               ; --            ; --          ; --               ;
; MISC_FILE                           ; fir_data/fir_compiler-library/scv_ctrl_deci.v                                                                                                                                          ; --            ; --          ; --               ;
; MISC_FILE                           ; fir_data/fir_compiler-library/sc_add.v                                                                                                                                                 ; --            ; --          ; --               ;
; MISC_FILE                           ; fir_data/fir_compiler-library/ser_ctrl_cen.v                                                                                                                                           ; --            ; --          ; --               ;
; MISC_FILE                           ; fir_data/fir_compiler-library/ser_shft.v                                                                                                                                               ; --            ; --          ; --               ;
; MISC_FILE                           ; fir_data/fir_compiler-library/ser_shft_cen.v                                                                                                                                           ; --            ; --          ; --               ;
; MISC_FILE                           ; fir_data/fir_compiler-library/ser_shift.v                                                                                                                                              ; --            ; --          ; --               ;
; MISC_FILE                           ; fir_data/fir_compiler-library/sgn_ext.v                                                                                                                                                ; --            ; --          ; --               ;
; MISC_FILE                           ; fir_data/fir_compiler-library/shift_in.v                                                                                                                                               ; --            ; --          ; --               ;
; MISC_FILE                           ; fir_data/fir_compiler-library/shift_out.v                                                                                                                                              ; --            ; --          ; --               ;
; MISC_FILE                           ; fir_data/fir_compiler-library/slave2slave.v                                                                                                                                            ; --            ; --          ; --               ;
; MISC_FILE                           ; fir_data/fir_compiler-library/ssub.v                                                                                                                                                   ; --            ; --          ; --               ;
; MISC_FILE                           ; fir_data/fir_compiler-library/ssub_c.v                                                                                                                                                 ; --            ; --          ; --               ;
; MISC_FILE                           ; fir_data/fir_compiler-library/ssub_cen.v                                                                                                                                               ; --            ; --          ; --               ;
; MISC_FILE                           ; fir_data/fir_compiler-library/ssub_lpm.v                                                                                                                                               ; --            ; --          ; --               ;
; MISC_FILE                           ; fir_data/fir_compiler-library/ssub_lpm_cen.v                                                                                                                                           ; --            ; --          ; --               ;
; MISC_FILE                           ; fir_data/fir_compiler-library/sym_add_ser.v                                                                                                                                            ; --            ; --          ; --               ;
; MISC_FILE                           ; fir_data/fir_compiler-library/sym_add_ser_cen.v                                                                                                                                        ; --            ; --          ; --               ;
; MISC_FILE                           ; fir_data/fir_compiler-library/sym_sub_ser_cen.v                                                                                                                                        ; --            ; --          ; --               ;
; MISC_FILE                           ; fir_data/fir_compiler-library/tdl_da_lc.v                                                                                                                                              ; --            ; --          ; --               ;
; MISC_FILE                           ; fir_data/fir_compiler-library/trig_buf.v                                                                                                                                               ; --            ; --          ; --               ;
; MISC_FILE                           ; fir_data/fir_compiler-library/trig_buf_l.v                                                                                                                                             ; --            ; --          ; --               ;
; MISC_FILE                           ; fir_data/fir_compiler-library/trig_buf_r.v                                                                                                                                             ; --            ; --          ; --               ;
; MISC_FILE                           ; fir_data/fir_compiler-library/tsadd.v                                                                                                                                                  ; --            ; --          ; --               ;
; MISC_FILE                           ; fir_data/fir_compiler-library/tsadd_c.v                                                                                                                                                ; --            ; --          ; --               ;
; MISC_FILE                           ; fir_data/fir_compiler-library/tsadd_cen.v                                                                                                                                              ; --            ; --          ; --               ;
; MISC_FILE                           ; fir_data/fir_compiler-library/tsadd_c_cen.v                                                                                                                                            ; --            ; --          ; --               ;
; MISC_FILE                           ; fir_data/fir_compiler-library/tsadd_lpm.v                                                                                                                                              ; --            ; --          ; --               ;
; MISC_FILE                           ; fir_data/fir_compiler-library/tsadd_lpm_cen.v                                                                                                                                          ; --            ; --          ; --               ;
; MISC_FILE                           ; fir_data/fir_compiler-library/tsadd_lpm_reg_top_cen.v                                                                                                                                  ; --            ; --          ; --               ;
; MISC_FILE                           ; fir_data/fir_compiler-library/tsadd_reg_top_cen.v                                                                                                                                      ; --            ; --          ; --               ;
; MISC_FILE                           ; fir_data/fir_compiler-library/u2ssub.v                                                                                                                                                 ; --            ; --          ; --               ;
; MISC_FILE                           ; fir_data/fir_compiler-library/u2ssub_cen.v                                                                                                                                             ; --            ; --          ; --               ;
; MISC_FILE                           ; fir_data/fir_compiler-library/uadd.v                                                                                                                                                   ; --            ; --          ; --               ;
; MISC_FILE                           ; fir_data/fir_compiler-library/uadd_cen.v                                                                                                                                               ; --            ; --          ; --               ;
; MISC_FILE                           ; fir_data/fir_compiler-library/wr_en_gen.v                                                                                                                                              ; --            ; --          ; --               ;
; MISC_FILE                           ; fir_data/fir64.v                                                                                                                                                                       ; --            ; --          ; --               ;
; MISC_FILE                           ; fir_data/fir64_bb.v                                                                                                                                                                    ; --            ; --          ; --               ;
; MISC_FILE                           ; fir_data/fir64.bsf                                                                                                                                                                     ; --            ; --          ; --               ;
; MISC_FILE                           ; fir_data/fir64_ast.vhd                                                                                                                                                                 ; --            ; --          ; --               ;
; MISC_FILE                           ; fir_data/fir64_constraints.tcl                                                                                                                                                         ; --            ; --          ; --               ;
; MISC_FILE                           ; fir_data/fir64_nativelink.tcl                                                                                                                                                          ; --            ; --          ; --               ;
; MISC_FILE                           ; fir_data/fir64_mlab.m                                                                                                                                                                  ; --            ; --          ; --               ;
; MISC_FILE                           ; fir_data/fir64_model.m                                                                                                                                                                 ; --            ; --          ; --               ;
; MISC_FILE                           ; fir_data/fir64.vec                                                                                                                                                                     ; --            ; --          ; --               ;
; MISC_FILE                           ; fir_data/tb_fir64.vhd                                                                                                                                                                  ; --            ; --          ; --               ;
; MISC_FILE                           ; fir_data/fir64_msim.tcl                                                                                                                                                                ; --            ; --          ; --               ;
; MISC_FILE                           ; fir_data/fir64_input.txt                                                                                                                                                               ; --            ; --          ; --               ;
; MISC_FILE                           ; fir_data/fir64_coef_int.txt                                                                                                                                                            ; --            ; --          ; --               ;
; MISC_FILE                           ; fir_data/fir64_param.txt                                                                                                                                                               ; --            ; --          ; --               ;
; MISC_FILE                           ; fir_data/fir64_silent_param.txt                                                                                                                                                        ; --            ; --          ; --               ;
; MISC_FILE                           ; fir_data/fir64.vo                                                                                                                                                                      ; --            ; --          ; --               ;
; MISC_FILE                           ; fir_data/fir64.qip                                                                                                                                                                     ; --            ; --          ; --               ;
; MISC_FILE                           ; fir_data/fir64.html                                                                                                                                                                    ; --            ; --          ; --               ;
; PARTITION_COLOR                     ; 16764057                                                                                                                                                                               ; --            ; --          ; Top              ;
; PARTITION_FITTER_PRESERVATION_LEVEL ; PLACEMENT_AND_ROUTING                                                                                                                                                                  ; --            ; --          ; Top              ;
; PARTITION_NETLIST_TYPE              ; SOURCE                                                                                                                                                                                 ; --            ; --          ; Top              ;
; PROJECT_OUTPUT_DIRECTORY            ; output_files                                                                                                                                                                           ; --            ; --          ; --               ;
; SEARCH_PATH                         ; fir_data/.                                                                                                                                                                             ; --            ; --          ; --               ;
; SEARCH_PATH                         ; fir_data/fir_compiler-library                                                                                                                                                          ; --            ; --          ; --               ;
; SLD_FILE                            ; G:/workspace/github/Design-of-The-Best-Signal-Receivers-/FPGA/output_files/stp1_auto_stripped.stp                                                                                      ; --            ; --          ; --               ;
; SLD_NODE_CREATOR_ID                 ; 110                                                                                                                                                                                    ; --            ; --          ; auto_signaltap_0 ;
; SLD_NODE_ENTITY_NAME                ; sld_signaltap                                                                                                                                                                          ; --            ; --          ; auto_signaltap_0 ;
; SLD_NODE_PARAMETER_ASSIGNMENT       ; SLD_RAM_BLOCK_TYPE=M9K                                                                                                                                                                 ; --            ; --          ; auto_signaltap_0 ;
; SLD_NODE_PARAMETER_ASSIGNMENT       ; SLD_DATA_BITS=46                                                                                                                                                                       ; --            ; --          ; auto_signaltap_0 ;
; SLD_NODE_PARAMETER_ASSIGNMENT       ; SLD_TRIGGER_BITS=46                                                                                                                                                                    ; --            ; --          ; auto_signaltap_0 ;
; SLD_NODE_PARAMETER_ASSIGNMENT       ; SLD_NODE_INFO=805334528                                                                                                                                                                ; --            ; --          ; auto_signaltap_0 ;
; SLD_NODE_PARAMETER_ASSIGNMENT       ; SLD_POWER_UP_TRIGGER=0                                                                                                                                                                 ; --            ; --          ; auto_signaltap_0 ;
; SLD_NODE_PARAMETER_ASSIGNMENT       ; SLD_INVERSION_MASK=0000000000000000000000000000000000000000000000000000000000000000000000000000000000000000000000000000000000000000000000000000000000000000000000000000000000000000000 ; --            ; --          ; auto_signaltap_0 ;
; SLD_NODE_PARAMETER_ASSIGNMENT       ; SLD_INVERSION_MASK_LENGTH=163                                                                                                                                                          ; --            ; --          ; auto_signaltap_0 ;
; SLD_NODE_PARAMETER_ASSIGNMENT       ; SLD_STORAGE_QUALIFIER_INVERSION_MASK_LENGTH=0                                                                                                                                          ; --            ; --          ; auto_signaltap_0 ;
; SLD_NODE_PARAMETER_ASSIGNMENT       ; SLD_SEGMENT_SIZE=2048                                                                                                                                                                  ; --            ; --          ; auto_signaltap_0 ;
; SLD_NODE_PARAMETER_ASSIGNMENT       ; SLD_ATTRIBUTE_MEM_MODE=OFF                                                                                                                                                             ; --            ; --          ; auto_signaltap_0 ;
; SLD_NODE_PARAMETER_ASSIGNMENT       ; SLD_STATE_FLOW_USE_GENERATED=0                                                                                                                                                         ; --            ; --          ; auto_signaltap_0 ;
; SLD_NODE_PARAMETER_ASSIGNMENT       ; SLD_STATE_BITS=11                                                                                                                                                                      ; --            ; --          ; auto_signaltap_0 ;
; SLD_NODE_PARAMETER_ASSIGNMENT       ; SLD_BUFFER_FULL_STOP=1                                                                                                                                                                 ; --            ; --          ; auto_signaltap_0 ;
; SLD_NODE_PARAMETER_ASSIGNMENT       ; SLD_CURRENT_RESOURCE_WIDTH=1                                                                                                                                                           ; --            ; --          ; auto_signaltap_0 ;
; SLD_NODE_PARAMETER_ASSIGNMENT       ; SLD_NODE_CRC_LOWORD=38652                                                                                                                                                              ; --            ; --          ; auto_signaltap_0 ;
; SLD_NODE_PARAMETER_ASSIGNMENT       ; SLD_NODE_CRC_HIWORD=65306                                                                                                                                                              ; --            ; --          ; auto_signaltap_0 ;
; SLD_NODE_PARAMETER_ASSIGNMENT       ; SLD_TRIGGER_LEVEL=1                                                                                                                                                                    ; --            ; --          ; auto_signaltap_0 ;
; SLD_NODE_PARAMETER_ASSIGNMENT       ; SLD_SAMPLE_DEPTH=2048                                                                                                                                                                  ; --            ; --          ; auto_signaltap_0 ;
; SLD_NODE_PARAMETER_ASSIGNMENT       ; SLD_TRIGGER_IN_ENABLED=0                                                                                                                                                               ; --            ; --          ; auto_signaltap_0 ;
; SLD_NODE_PARAMETER_ASSIGNMENT       ; SLD_ADVANCED_TRIGGER_ENTITY=basic,1,                                                                                                                                                   ; --            ; --          ; auto_signaltap_0 ;
; SLD_NODE_PARAMETER_ASSIGNMENT       ; SLD_TRIGGER_LEVEL_PIPELINE=1                                                                                                                                                           ; --            ; --          ; auto_signaltap_0 ;
; SLD_NODE_PARAMETER_ASSIGNMENT       ; SLD_ENABLE_ADVANCED_TRIGGER=0                                                                                                                                                          ; --            ; --          ; auto_signaltap_0 ;
; USE_SIGNALTAP_FILE                  ; output_files/stp1.stp                                                                                                                                                                  ; --            ; --          ; --               ;
+-------------------------------------+----------------------------------------------------------------------------------------------------------------------------------------------------------------------------------------+---------------+-------------+------------------+


+-------------------------------------------------------------------------------------------------------------------------------+
; Flow Elapsed Time                                                                                                             ;
+---------------------------+--------------+-------------------------+---------------------+------------------------------------+
; Module Name               ; Elapsed Time ; Average Processors Used ; Peak Virtual Memory ; Total CPU Time (on all processors) ;
+---------------------------+--------------+-------------------------+---------------------+------------------------------------+
; Analysis & Synthesis      ; 00:00:17     ; 1.0                     ; 4823 MB             ; 00:00:13                           ;
; Fitter                    ; 00:00:37     ; 1.2                     ; 5467 MB             ; 00:00:36                           ;
; Assembler                 ; 00:00:11     ; 1.0                     ; 4755 MB             ; 00:00:11                           ;
; TimeQuest Timing Analyzer ; 00:00:06     ; 1.2                     ; 4817 MB             ; 00:00:05                           ;
; EDA Netlist Writer        ; 00:00:05     ; 1.0                     ; 4673 MB             ; 00:00:04                           ;
; Total                     ; 00:01:16     ; --                      ; --                  ; 00:01:09                           ;
+---------------------------+--------------+-------------------------+---------------------+------------------------------------+


+----------------------------------------------------------------------------------------+
; Flow OS Summary                                                                        ;
+---------------------------+------------------+-----------+------------+----------------+
; Module Name               ; Machine Hostname ; OS Name   ; OS Version ; Processor type ;
+---------------------------+------------------+-----------+------------+----------------+
; Analysis & Synthesis      ; LCG              ; Windows 7 ; 6.2        ; x86_64         ;
; Fitter                    ; LCG              ; Windows 7 ; 6.2        ; x86_64         ;
; Assembler                 ; LCG              ; Windows 7 ; 6.2        ; x86_64         ;
; TimeQuest Timing Analyzer ; LCG              ; Windows 7 ; 6.2        ; x86_64         ;
; EDA Netlist Writer        ; LCG              ; Windows 7 ; 6.2        ; x86_64         ;
+---------------------------+------------------+-----------+------------+----------------+


------------
; Flow Log ;
------------
quartus_map --read_settings_files=on --write_settings_files=off Receiver -c Receiver
quartus_fit --read_settings_files=off --write_settings_files=off Receiver -c Receiver
quartus_asm --read_settings_files=off --write_settings_files=off Receiver -c Receiver
quartus_sta Receiver -c Receiver
quartus_eda --read_settings_files=off --write_settings_files=off Receiver -c Receiver



