Tue Jun 04 16:58:13 CST 2019  [debug] AvalonLogSystem initialized using logfile 'velocity.log'
Tue Jun 04 16:58:13 CST 2019   [info] ************************************************************** 
Tue Jun 04 16:58:13 CST 2019   [info] Starting Jakarta Velocity v1.4
Tue Jun 04 16:58:13 CST 2019   [info] RuntimeInstance initializing.
Tue Jun 04 16:58:13 CST 2019   [info] Default Properties File: org\apache\velocity\runtime\defaults\velocity.properties
Tue Jun 04 16:58:13 CST 2019   [info] Trying to use logger class org.apache.velocity.runtime.log.AvalonLogSystem
Tue Jun 04 16:58:13 CST 2019   [info] Using logger class org.apache.velocity.runtime.log.AvalonLogSystem
Tue Jun 04 16:58:13 CST 2019   [info] Default ResourceManager initializing. (class org.apache.velocity.runtime.resource.ResourceManagerImpl)
Tue Jun 04 16:58:13 CST 2019   [info] Resource Loader Instantiated: org.apache.velocity.runtime.resource.loader.FileResourceLoader
Tue Jun 04 16:58:13 CST 2019   [info] FileResourceLoader : initialization starting.
Tue Jun 04 16:58:13 CST 2019   [info] FileResourceLoader : adding path 'd:\quartus13\ip\altera\fir_compiler\lib\ip_toolbench\..\template'
Tue Jun 04 16:58:13 CST 2019   [info] FileResourceLoader : adding path '.'
Tue Jun 04 16:58:13 CST 2019   [info] FileResourceLoader : initialization complete.
Tue Jun 04 16:58:13 CST 2019   [info] Resource Loader Instantiated: org.apache.velocity.runtime.resource.loader.JarResourceLoader
Tue Jun 04 16:58:13 CST 2019   [info] JarResourceLoader : initialization starting.
Tue Jun 04 16:58:13 CST 2019   [info] JarResourceLoader # of paths : 0
Tue Jun 04 16:58:13 CST 2019   [info] JarResourceLoader : initialization complete.
Tue Jun 04 16:58:13 CST 2019   [info] Resource Loader Instantiated: org.apache.velocity.runtime.resource.loader.ClasspathResourceLoader
Tue Jun 04 16:58:13 CST 2019   [info] ClasspathResourceLoader : initialization starting.
Tue Jun 04 16:58:13 CST 2019   [info] ClasspathResourceLoader : initialization complete.
Tue Jun 04 16:58:13 CST 2019   [info] ResourceCache : initialized. (class org.apache.velocity.runtime.resource.ResourceCacheImpl)
Tue Jun 04 16:58:13 CST 2019   [info] Default ResourceManager initialization complete.
Tue Jun 04 16:58:13 CST 2019   [info] Loaded System Directive: org.apache.velocity.runtime.directive.Literal
Tue Jun 04 16:58:13 CST 2019   [info] Loaded System Directive: org.apache.velocity.runtime.directive.Macro
Tue Jun 04 16:58:13 CST 2019   [info] Loaded System Directive: org.apache.velocity.runtime.directive.Parse
Tue Jun 04 16:58:13 CST 2019   [info] Loaded System Directive: org.apache.velocity.runtime.directive.Include
Tue Jun 04 16:58:13 CST 2019   [info] Loaded System Directive: org.apache.velocity.runtime.directive.Foreach
Tue Jun 04 16:58:13 CST 2019   [info] Created: 20 parsers.
Tue Jun 04 16:58:13 CST 2019   [info] Velocimacro : initialization starting.
Tue Jun 04 16:58:13 CST 2019   [info] Velocimacro : adding VMs from VM library template : VM_global_library.vm
Tue Jun 04 16:58:13 CST 2019  [error] ResourceManager : unable to find resource 'VM_global_library.vm' in any resource loader.
Tue Jun 04 16:58:13 CST 2019   [info] Velocimacro : error using  VM library template VM_global_library.vm : org.apache.velocity.exception.ResourceNotFoundException: Unable to find resource 'VM_global_library.vm'
Tue Jun 04 16:58:13 CST 2019   [info] Velocimacro :  VM library template macro registration complete.
Tue Jun 04 16:58:13 CST 2019   [info] Velocimacro : allowInline = true : VMs can be defined inline in templates
Tue Jun 04 16:58:13 CST 2019   [info] Velocimacro : allowInlineToOverride = false : VMs defined inline may NOT replace previous VM definitions
Tue Jun 04 16:58:13 CST 2019   [info] Velocimacro : allowInlineLocal = false : VMs defined inline will be  global in scope if allowed.
Tue Jun 04 16:58:13 CST 2019   [info] Velocimacro : messages on  : VM system will output logging messages
Tue Jun 04 16:58:13 CST 2019   [info] Velocimacro : autoload off  : VM system will not automatically reload global library macros
Tue Jun 04 16:58:13 CST 2019   [info] Velocimacro : initialization complete.
Tue Jun 04 16:58:13 CST 2019   [info] Velocity successfully started.
Tue Jun 04 16:58:13 CST 2019   [info] ResourceManager : found tb_avalon_st.vm with loader org.apache.velocity.runtime.resource.loader.ClasspathResourceLoader
Tue Jun 04 16:58:13 CST 2019   [info] ResourceManager : found alt_license_vhdl.txt with loader org.apache.velocity.runtime.resource.loader.ClasspathResourceLoader
Tue Jun 04 16:58:13 CST 2019   [info] ResourceManager : found auk_dspip_fir_top_avalon_streaming.vm with loader org.apache.velocity.runtime.resource.loader.ClasspathResourceLoader
Tue Jun 04 16:58:13 CST 2019   [info] ResourceManager : found alt_license_vhdl.txt with loader org.apache.velocity.runtime.resource.loader.ClasspathResourceLoader
Tue Jun 04 16:58:13 CST 2019   [info] ResourceManager : found generic_msim_script.vm with loader org.apache.velocity.runtime.resource.loader.ClasspathResourceLoader
Tue Jun 04 16:58:13 CST 2019   [info] ResourceManager : found alt_license_tcl.txt with loader org.apache.velocity.runtime.resource.loader.ClasspathResourceLoader
Tue Jun 04 16:58:13 CST 2019   [info] ResourceManager : found constant_part_of_tcl_script.tcl with loader org.apache.velocity.runtime.resource.loader.ClasspathResourceLoader
Tue Jun 04 16:58:13 CST 2019   [info] ResourceManager : found fir_input.vm with loader org.apache.velocity.runtime.resource.loader.ClasspathResourceLoader
Tue Jun 04 16:58:13 CST 2019   [info] ResourceManager : found matlab_model.vm with loader org.apache.velocity.runtime.resource.loader.ClasspathResourceLoader
Tue Jun 04 16:58:13 CST 2019   [info] ResourceManager : found alt_license_matlab.txt with loader org.apache.velocity.runtime.resource.loader.ClasspathResourceLoader
Tue Jun 04 16:58:13 CST 2019   [info] ResourceManager : found matlab_model_base.vm with loader org.apache.velocity.runtime.resource.loader.ClasspathResourceLoader
Tue Jun 04 16:58:13 CST 2019   [info] ResourceManager : found fir_nativelink_tcl.vm with loader org.apache.velocity.runtime.resource.loader.ClasspathResourceLoader
Tue Jun 04 16:58:13 CST 2019   [info] ResourceManager : found alt_license_tcl.txt with loader org.apache.velocity.runtime.resource.loader.ClasspathResourceLoader
